<?xml version="1.0" encoding="UTF-8"?>
<!-- Generated by org.testng.reporters.JUnitReportReporter -->
<testsuite skipped="0" hostname="DESKTOP-8JUNJQM" name="TestCases.GetTitle" tests="2" failures="0" timestamp="06 Jun 2022 11:33:31 GMT" time="0.179" errors="0">
  <testcase name="BannerTitle" time="0.081" classname="TestCases.GetTitle"/>
  <testcase name="LandingPageText" time="0.098" classname="TestCases.GetTitle"/>
</testsuite> <!-- TestCases.GetTitle -->
