<?xml version="1.0" encoding="UTF-8"?>
<!-- Generated by org.testng.reporters.JUnitReportReporter -->
<testsuite skipped="0" hostname="DESKTOP-8JUNJQM" name="TestCases.HomePage" tests="1" failures="0" timestamp="06 Jun 2022 11:33:31 GMT" time="0.035" errors="0">
  <testcase name="Homepagetc" time="0.035" classname="TestCases.HomePage"/>
</testsuite> <!-- TestCases.HomePage -->
